::1 - - [28/Aug/2022:17:01:30 +0000] "POST / HTTP/1.1" 200 80
::1 - - [28/Aug/2022:21:15:41 +0000] "GET / HTTP/1.1" 200 11
::1 - - [30/Aug/2022:01:05:36 +0000] "POST / HTTP/1.1" 200 80
::1 - - [30/Aug/2022:01:05:47 +0000] "POST /signup HTTP/1.1" 200 80
::1 - - [30/Aug/2022:01:10:40 +0000] "POST /signup HTTP/1.1" 500 1180
::1 - - [30/Aug/2022:01:11:13 +0000] "POST /signup HTTP/1.1" 200 80
::1 - - [30/Aug/2022:01:11:41 +0000] "POST /signup HTTP/1.1" 200 80
::1 - - [30/Aug/2022:01:11:52 +0000] "POST /signup HTTP/1.1" 200 80
::1 - - [30/Aug/2022:01:12:07 +0000] "POST /signup HTTP/1.1" 200 80
::1 - - [30/Aug/2022:01:12:13 +0000] "POST /signup HTTP/1.1" 200 80
::1 - - [30/Aug/2022:01:14:51 +0000] "POST /signup HTTP/1.1" 500 1172
::1 - - [30/Aug/2022:01:15:18 +0000] "POST /signup HTTP/1.1" 200 80
::1 - - [30/Aug/2022:01:15:26 +0000] "POST /signup HTTP/1.1" 400 29
::1 - - [30/Aug/2022:01:15:40 +0000] "POST /signup HTTP/1.1" 400 74
::1 - - [30/Aug/2022:01:15:48 +0000] "POST /signup HTTP/1.1" 400 33
::1 - - [30/Aug/2022:01:50:58 +0000] "POST /signup HTTP/1.1" 500 1179
::1 - - [30/Aug/2022:01:52:26 +0000] "POST /signup HTTP/1.1" 500 1178
::1 - - [30/Aug/2022:01:55:52 +0000] "POST /signup HTTP/1.1" 400 95
::1 - - [30/Aug/2022:01:56:06 +0000] "POST /signup HTTP/1.1" 400 95
::1 - - [30/Aug/2022:01:59:22 +0000] "POST /signup HTTP/1.1" 400 95
::1 - - [30/Aug/2022:03:19:02 +0000] "POST /signup HTTP/1.1" 200 213
::1 - - [30/Aug/2022:03:23:00 +0000] "POST /signup HTTP/1.1" 500 1174
::1 - - [30/Aug/2022:03:23:53 +0000] "POST /signup HTTP/1.1" 400 95
::1 - - [30/Aug/2022:03:27:18 +0000] "POST /signup HTTP/1.1" 400 797
::1 - - [30/Aug/2022:03:29:53 +0000] "POST /signup HTTP/1.1" 200 250
::1 - - [30/Aug/2022:03:32:30 +0000] "POST /signup HTTP/1.1" 400 95
::1 - - [30/Aug/2022:03:32:37 +0000] "POST /signup HTTP/1.1" 200 249
::1 - - [30/Aug/2022:03:33:23 +0000] "POST /signup HTTP/1.1" 400 95
::1 - - [30/Aug/2022:03:34:04 +0000] "POST /signup HTTP/1.1" 200 252
::1 - - [30/Aug/2022:03:34:37 +0000] "POST /signup HTTP/1.1" 200 252
::1 - - [30/Aug/2022:03:36:40 +0000] "POST /signup HTTP/1.1" 400 96
::1 - - [30/Aug/2022:03:36:54 +0000] "POST /signup HTTP/1.1" 200 270
::1 - - [30/Aug/2022:03:50:13 +0000] "GET /signup HTTP/1.1" 200 7
::1 - - [30/Aug/2022:03:50:20 +0000] "GET /vudaymagi HTTP/1.1" 404 98
::1 - - [30/Aug/2022:03:59:37 +0000] "POST /signup HTTP/1.1" 400 41
::1 - - [30/Aug/2022:03:59:44 +0000] "POST /signup HTTP/1.1" 400 41
::1 - - [30/Aug/2022:03:59:51 +0000] "POST /signup HTTP/1.1" 200 274
::1 - - [30/Aug/2022:04:00:02 +0000] "POST /signup HTTP/1.1" 400 41
::1 - - [30/Aug/2022:04:00:53 +0000] "POST /signup HTTP/1.1" 200 274
::1 - - [30/Aug/2022:04:01:41 +0000] "POST /signup HTTP/1.1" 400 97
::1 - - [30/Aug/2022:04:02:51 +0000] "POST /signup HTTP/1.1" 400 73
::1 - - [30/Aug/2022:04:02:57 +0000] "POST /signup HTTP/1.1" 400 29
::1 - - [30/Aug/2022:04:04:24 +0000] "POST /signup HTTP/1.1" 400 114
::1 - - [30/Aug/2022:04:04:40 +0000] "POST /signup HTTP/1.1" 400 73
::1 - - [30/Aug/2022:04:04:44 +0000] "POST /signup HTTP/1.1" 400 73
::1 - - [30/Aug/2022:04:04:48 +0000] "POST /signup HTTP/1.1" 200 269
::1 - - [30/Aug/2022:05:08:32 +0000] "POST /verify HTTP/1.1" 200 7
::1 - - [30/Aug/2022:05:08:36 +0000] "POST /verify HTTP/1.1" 200 75
::1 - - [30/Aug/2022:05:11:43 +0000] "POST /verify HTTP/1.1" 200 34
::1 - - [30/Aug/2022:05:13:09 +0000] "POST /verify HTTP/1.1" 200 85
::1 - - [30/Aug/2022:05:24:53 +0000] "POST /verify HTTP/1.1" 200 66
::1 - - [30/Aug/2022:05:35:36 +0000] "POST /signup HTTP/1.1" 400 106
::1 - - [30/Aug/2022:05:36:08 +0000] "POST /signup HTTP/1.1" 200 270
::1 - - [30/Aug/2022:05:36:34 +0000] "POST /signup HTTP/1.1" 400 73
::1 - - [30/Aug/2022:05:37:42 +0000] "POST /signup HTTP/1.1" 404 40
::1 - - [30/Aug/2022:05:38:38 +0000] "POST /signup HTTP/1.1" 404 62
::1 - - [30/Aug/2022:06:07:32 +0000] "POST /signup HTTP/1.1" 400 73
::1 - - [30/Aug/2022:06:07:40 +0000] "POST /signup HTTP/1.1" 200 270
::1 - - [30/Aug/2022:06:09:09 +0000] "POST /signup HTTP/1.1" 200 270
::1 - - [30/Aug/2022:06:10:34 +0000] "POST /signup HTTP/1.1" 400 114
::1 - - [30/Aug/2022:06:13:07 +0000] "POST /signup HTTP/1.1" 200 287
::1 - - [30/Aug/2022:06:13:45 +0000] "POST /signup HTTP/1.1" 200 288
::1 - - [30/Aug/2022:06:15:03 +0000] "POST /signup HTTP/1.1" 400 73
::1 - - [30/Aug/2022:06:15:10 +0000] "POST /signup HTTP/1.1" 400 114
::ffff:127.0.0.1 - - [30/Aug/2022:07:15:22 +0000] "GET / HTTP/1.1" 200 11
::ffff:127.0.0.1 - - [30/Aug/2022:07:15:23 +0000] "GET /favicon.ico HTTP/1.1" 404 98
::ffff:127.0.0.1 - - [30/Aug/2022:07:16:51 +0000] "GET /login HTTP/1.1" 404 98
::ffff:127.0.0.1 - - [30/Aug/2022:07:16:57 +0000] "GET /signup HTTP/1.1" 200 7
::ffff:127.0.0.1 - - [30/Aug/2022:07:17:02 +0000] "GET /verify HTTP/1.1" 200 11
